<?xml version="1.0" encoding="UTF-8"?>
<!-- Generated by org.testng.reporters.JUnitReportReporter -->
<testsuite hostname="Navya-Shree" failures="0" tests="2" name="JAVAEXAMPLES.Exp_Testng" time="0.009" errors="0" timestamp="20 Jun 2023 08:14:35 GMT">
  <testcase classname="JAVAEXAMPLES.Exp_Testng" name="delemp" time="0.006"/>
  <testcase classname="JAVAEXAMPLES.Exp_Testng" name="addemp" time="0.003"/>
</testsuite> <!-- JAVAEXAMPLES.Exp_Testng -->
