<?xml version="1.0" encoding="UTF-8"?>
<!-- Generated by org.testng.reporters.JUnitReportReporter -->
<testsuite hostname="Navya-Shree" failures="0" tests="1" name="com.hrms.testscripts.TC001" time="11.434" errors="0" timestamp="21 Jun 2023 14:20:02 GMT">
  <testcase classname="com.hrms.testscripts.TC001" name="tc001" time="11.434"/>
</testsuite> <!-- com.hrms.testscripts.TC001 -->
