<?xml version="1.0" encoding="UTF-8"?>
<!-- Generated by org.testng.reporters.JUnitReportReporter -->
<testsuite hostname="Navya-Shree" failures="0" tests="1" name="com.hrms.testscripts10.TC001" time="10.365" errors="0" timestamp="21 Jun 2023 18:44:17 GMT">
  <testcase classname="com.hrms.testscripts10.TC001" name="tc001" time="10.365"/>
</testsuite> <!-- com.hrms.testscripts10.TC001 -->
