<?xml version="1.0" encoding="UTF-8"?>
<!-- Generated by org.testng.reporters.JUnitReportReporter -->
<testsuite hostname="Navya-Shree" failures="0" tests="2" name="JAVAEXAMPLES.Exp_Testng0" time="0.019" errors="0" timestamp="21 Jun 2023 06:03:14 GMT">
  <testcase classname="JAVAEXAMPLES.Exp_Testng0" name="logout" time="0.005"/>
  <testcase classname="JAVAEXAMPLES.Exp_Testng0" name="login" time="0.014"/>
</testsuite> <!-- JAVAEXAMPLES.Exp_Testng0 -->
