<?xml version="1.0" encoding="UTF-8"?>
<!-- Generated by org.testng.reporters.JUnitReportReporter -->
<testsuite hostname="Navya-Shree" failures="0" tests="1" name="com.hrms.testscripts07.TC001" time="9.760" errors="0" timestamp="21 Jun 2023 19:02:35 GMT">
  <testcase classname="com.hrms.testscripts07.TC001" name="tc001" time="9.760"/>
</testsuite> <!-- com.hrms.testscripts07.TC001 -->
