<?xml version="1.0" encoding="UTF-8"?>
<!-- Generated by org.testng.reporters.JUnitReportReporter -->
<testsuite hostname="Navya-Shree" failures="0" tests="1" name="com.hrms.testscripts.TC002" time="12.920" errors="0" timestamp="21 Jun 2023 14:20:02 GMT">
  <testcase classname="com.hrms.testscripts.TC002" name="tc002" time="12.920"/>
</testsuite> <!-- com.hrms.testscripts.TC002 -->
