<?xml version="1.0" encoding="UTF-8"?>
<!-- Generated by org.testng.reporters.JUnitReportReporter -->
<testsuite hostname="Navya-Shree" failures="0" tests="2" name="JAVAEXAMPLES.Exp_Testng1" time="0.031" errors="0" timestamp="20 Jun 2023 08:11:39 GMT">
  <testcase classname="JAVAEXAMPLES.Exp_Testng1" name="delemp" time="0.008"/>
  <testcase classname="JAVAEXAMPLES.Exp_Testng1" name="addemp" time="0.023"/>
</testsuite> <!-- JAVAEXAMPLES.Exp_Testng1 -->
