<?xml version="1.0" encoding="UTF-8"?>
<!-- Generated by org.testng.reporters.JUnitReportReporter -->
<testsuite hostname="Navya-Shree" failures="0" tests="1" name="JAVAEXAMPLES.Exp_WD_Testing" time="5.985" errors="0" timestamp="20 Jun 2023 08:05:57 GMT">
  <testcase classname="JAVAEXAMPLES.Exp_WD_Testing" name="tcoo1" time="5.985"/>
</testsuite> <!-- JAVAEXAMPLES.Exp_WD_Testing -->
